# JRE version: Java(TM) SE Runtime Environment (8.0_171-b11) (build 1.8.0_171-b11)
# Java VM: Java HotSpot(TM) 64-Bit Server VM (25.171-b11 mixed mode windows-amd64 compressed oops)
Heap:
 PSYoungGen      total 74240K, used 53714K [0x000000076c780000, 0x0000000775980000, 0x00000007c0000000)
  eden space 64512K, 68% used [0x000000076c780000,0x000000076f27b278,0x0000000770680000)
  from space 9728K, 99% used [0x0000000775000000,0x00000007759797b8,0x0000000775980000)
  to   space 10752K, 0% used [0x0000000774480000,0x0000000774480000,0x0000000774f00000)
 ParOldGen       total 172032K, used 24K [0x00000006c5600000, 0x00000006cfe00000, 0x000000076c780000)
  object space 172032K, 0% used [0x00000006c5600000,0x00000006c5606000,0x00000006cfe00000)
 Metaspace       used 20660K, capacity 21080K, committed 21120K, reserved 1067008K
  class space    used 2529K, capacity 2648K, committed 2688K, reserved 1048576K
GC Heap History (4 events):
Event: 0.690 GC heap before
{Heap before GC invocations=1 (full 0):
 PSYoungGen      total 75264K, used 64512K [0x000000076c780000, 0x0000000771b80000, 0x00000007c0000000)
  eden space 64512K, 100% used [0x000000076c780000,0x0000000770680000,0x0000000770680000)
  from space 10752K, 0% used [0x0000000771100000,0x0000000771100000,0x0000000771b80000)
  to   space 10752K, 0% used [0x0000000770680000,0x0000000770680000,0x0000000771100000)
 ParOldGen       total 172032K, used 0K [0x00000006c5600000, 0x00000006cfe00000, 0x000000076c780000)
  object space 172032K, 0% used [0x00000006c5600000,0x00000006c5600000,0x00000006cfe00000)
 Metaspace       used 11848K, capacity 12100K, committed 12160K, reserved 1060864K
  class space    used 1492K, capacity 1608K, committed 1664K, reserved 1048576K
Event: 0.697 GC heap after
Heap after GC invocations=1 (full 0):
 PSYoungGen      total 75264K, used 9885K [0x000000076c780000, 0x0000000775a80000, 0x00000007c0000000)
  eden space 64512K, 0% used [0x000000076c780000,0x000000076c780000,0x0000000770680000)
  from space 10752K, 91% used [0x0000000770680000,0x0000000771027790,0x0000000771100000)
  to   space 10752K, 0% used [0x0000000775000000,0x0000000775000000,0x0000000775a80000)
 ParOldGen       total 172032K, used 16K [0x00000006c5600000, 0x00000006cfe00000, 0x000000076c780000)
  object space 172032K, 0% used [0x00000006c5600000,0x00000006c5604000,0x00000006cfe00000)
 Metaspace       used 11848K, capacity 12100K, committed 12160K, reserved 1060864K
  class space    used 1492K, capacity 1608K, committed 1664K, reserved 1048576K
}
Event: 2.148 GC heap before
{Heap before GC invocations=2 (full 0):
 PSYoungGen      total 75264K, used 74397K [0x000000076c780000, 0x0000000775a80000, 0x00000007c0000000)
  eden space 64512K, 100% used [0x000000076c780000,0x0000000770680000,0x0000000770680000)
  from space 10752K, 91% used [0x0000000770680000,0x0000000771027790,0x0000000771100000)
  to   space 10752K, 0% used [0x0000000775000000,0x0000000775000000,0x0000000775a80000)
 ParOldGen       total 172032K, used 16K [0x00000006c5600000, 0x00000006cfe00000, 0x000000076c780000)
  object space 172032K, 0% used [0x00000006c5600000,0x00000006c5604000,0x00000006cfe00000)
 Metaspace       used 16135K, capacity 16436K, committed 16768K, reserved 1064960K
  class space    used 1965K, capacity 2056K, committed 2176K, reserved 1048576K
Event: 2.158 GC heap after
Heap after GC invocations=2 (full 0):
 PSYoungGen      total 74240K, used 9701K [0x000000076c780000, 0x0000000775980000, 0x00000007c0000000)
  eden space 64512K, 0% used [0x000000076c780000,0x000000076c780000,0x0000000770680000)
  from space 9728K, 99% used [0x0000000775000000,0x00000007759797b8,0x0000000775980000)
  to   space 10752K, 0% used [0x0000000774480000,0x0000000774480000,0x0000000774f00000)
 ParOldGen       total 172032K, used 24K [0x00000006c5600000, 0x00000006cfe00000, 0x000000076c780000)
  object space 172032K, 0% used [0x00000006c5600000,0x00000006c5606000,0x00000006cfe00000)
 Metaspace       used 16135K, capacity 16436K, committed 16768K, reserved 1064960K
  class space    used 1965K, capacity 2056K, committed 2176K, reserved 1048576K
}

